[debug] [2021-11-01T09:04:51.561Z] ----------------------------------------------------------------------
[debug] [2021-11-01T09:04:51.563Z] Command:       /Users/mentor/.nvm/versions/node/v15.14.0/bin/node /Users/mentor/.nvm/versions/node/v15.14.0/bin/firebase deploy --only functions
[debug] [2021-11-01T09:04:51.563Z] CLI Version:   9.10.0
[debug] [2021-11-01T09:04:51.563Z] Platform:      darwin
[debug] [2021-11-01T09:04:51.563Z] Node Version:  v15.14.0
[debug] [2021-11-01T09:04:51.564Z] Time:          Mon Nov 01 2021 10:04:51 GMT+0100 (Central European Standard Time)
[debug] [2021-11-01T09:04:51.564Z] ----------------------------------------------------------------------
[debug] 
[debug] [2021-11-01T09:04:51.572Z] > command requires scopes: ["email","openid","https://www.googleapis.com/auth/cloudplatformprojects.readonly","https://www.googleapis.com/auth/firebase","https://www.googleapis.com/auth/cloud-platform"]
[debug] [2021-11-01T09:04:51.572Z] > authorizing via signed-in user (mentorpalokaj@gmail.com)
[debug] [2021-11-01T09:04:51.572Z] [iam] checking project poap-qr-kiosk for permissions ["cloudfunctions.functions.create","cloudfunctions.functions.delete","cloudfunctions.functions.get","cloudfunctions.functions.list","cloudfunctions.functions.update","cloudfunctions.operations.get","firebase.projects.get"]
[debug] [2021-11-01T09:04:51.574Z] >>> HTTP REQUEST POST https://cloudresourcemanager.googleapis.com/v1/projects/poap-qr-kiosk:testIamPermissions  
 {"permissions":["cloudfunctions.functions.create","cloudfunctions.functions.delete","cloudfunctions.functions.get","cloudfunctions.functions.list","cloudfunctions.functions.update","cloudfunctions.operations.get","firebase.projects.get"]}
[debug] [2021-11-01T09:04:52.229Z] <<< HTTP RESPONSE 200 {"content-type":"application/json; charset=UTF-8","vary":"X-Origin, Referer, Origin,Accept-Encoding","date":"Mon, 01 Nov 2021 09:04:52 GMT","server":"ESF","cache-control":"private","x-xss-protection":"0","x-frame-options":"SAMEORIGIN","x-content-type-options":"nosniff","server-timing":"gfet4t7; dur=579","alt-svc":"h3=\":443\"; ma=2592000,h3-29=\":443\"; ma=2592000,h3-Q050=\":443\"; ma=2592000,h3-Q046=\":443\"; ma=2592000,h3-Q043=\":443\"; ma=2592000,quic=\":443\"; ma=2592000; v=\"46,43\"","accept-ranges":"none","transfer-encoding":"chunked"}
[debug] [2021-11-01T09:04:52.231Z] >>> HTTP REQUEST POST https://iam.googleapis.com/v1/projects/poap-qr-kiosk/serviceAccounts/poap-qr-kiosk@appspot.gserviceaccount.com:testIamPermissions  
 {"permissions":["iam.serviceAccounts.actAs"]}
[debug] [2021-11-01T09:04:52.816Z] <<< HTTP RESPONSE 200 {"content-type":"application/json; charset=UTF-8","vary":"X-Origin, Referer, Origin,Accept-Encoding","date":"Mon, 01 Nov 2021 09:04:52 GMT","server":"ESF","cache-control":"private","x-xss-protection":"0","x-frame-options":"SAMEORIGIN","x-content-type-options":"nosniff","alt-svc":"h3=\":443\"; ma=2592000,h3-29=\":443\"; ma=2592000,h3-Q050=\":443\"; ma=2592000,h3-Q046=\":443\"; ma=2592000,h3-Q043=\":443\"; ma=2592000,quic=\":443\"; ma=2592000; v=\"46,43\"","accept-ranges":"none","transfer-encoding":"chunked"}
[warn] ⚠  functions: package.json indicates an outdated version of firebase-functions.
Please upgrade using npm install --save firebase-functions@latest in your functions directory. 
[info] 
[info] === Deploying to 'poap-qr-kiosk'...
[info] 
[info] i  deploying functions 
[info] i  functions: ensuring required API cloudfunctions.googleapis.com is enabled... 
[info] i  functions: ensuring required API cloudbuild.googleapis.com is enabled... 
[debug] [2021-11-01T09:04:54.870Z] >>> HTTP REQUEST GET https://serviceusage.googleapis.com/v1/projects/poap-qr-kiosk/services/cloudfunctions.googleapis.com  
 
[debug] [2021-11-01T09:04:54.871Z] >>> HTTP REQUEST GET https://serviceusage.googleapis.com/v1/projects/poap-qr-kiosk/services/runtimeconfig.googleapis.com  
 
[debug] [2021-11-01T09:04:54.871Z] >>> HTTP REQUEST GET https://serviceusage.googleapis.com/v1/projects/poap-qr-kiosk/services/cloudbuild.googleapis.com  
 
[debug] [2021-11-01T09:04:55.704Z] <<< HTTP RESPONSE 200 {"content-type":"application/json; charset=UTF-8","vary":"X-Origin, Referer, Origin,Accept-Encoding","date":"Mon, 01 Nov 2021 09:04:55 GMT","server":"ESF","cache-control":"private","x-xss-protection":"0","x-frame-options":"SAMEORIGIN","x-content-type-options":"nosniff","alt-svc":"h3=\":443\"; ma=2592000,h3-29=\":443\"; ma=2592000,h3-Q050=\":443\"; ma=2592000,h3-Q046=\":443\"; ma=2592000,h3-Q043=\":443\"; ma=2592000,quic=\":443\"; ma=2592000; v=\"46,43\"","accept-ranges":"none","transfer-encoding":"chunked"}
[debug] [2021-11-01T09:04:55.731Z] <<< HTTP RESPONSE 200 {"content-type":"application/json; charset=UTF-8","vary":"X-Origin, Referer, Origin,Accept-Encoding","date":"Mon, 01 Nov 2021 09:04:55 GMT","server":"ESF","cache-control":"private","x-xss-protection":"0","x-frame-options":"SAMEORIGIN","x-content-type-options":"nosniff","alt-svc":"h3=\":443\"; ma=2592000,h3-29=\":443\"; ma=2592000,h3-Q050=\":443\"; ma=2592000,h3-Q046=\":443\"; ma=2592000,h3-Q043=\":443\"; ma=2592000,quic=\":443\"; ma=2592000; v=\"46,43\"","accept-ranges":"none","transfer-encoding":"chunked"}
[info] ✔  functions: required API cloudbuild.googleapis.com is enabled 
[debug] [2021-11-01T09:04:55.733Z] <<< HTTP RESPONSE 200 {"content-type":"application/json; charset=UTF-8","vary":"X-Origin, Referer, Origin,Accept-Encoding","date":"Mon, 01 Nov 2021 09:04:55 GMT","server":"ESF","cache-control":"private","x-xss-protection":"0","x-frame-options":"SAMEORIGIN","x-content-type-options":"nosniff","alt-svc":"h3=\":443\"; ma=2592000,h3-29=\":443\"; ma=2592000,h3-Q050=\":443\"; ma=2592000,h3-Q046=\":443\"; ma=2592000,h3-Q043=\":443\"; ma=2592000,quic=\":443\"; ma=2592000; v=\"46,43\"","accept-ranges":"none","transfer-encoding":"chunked"}
[info] ✔  functions: required API cloudfunctions.googleapis.com is enabled 
[debug] [2021-11-01T09:04:55.734Z] >>> HTTP REQUEST GET https://firebase.googleapis.com/v1beta1/projects/poap-qr-kiosk/adminSdkConfig  
 
[debug] [2021-11-01T09:04:55.955Z] <<< HTTP RESPONSE 200 {"content-type":"application/json; charset=UTF-8","vary":"X-Origin, Referer, Origin,Accept-Encoding","date":"Mon, 01 Nov 2021 09:04:56 GMT","server":"ESF","cache-control":"private","x-xss-protection":"0","x-frame-options":"SAMEORIGIN","x-content-type-options":"nosniff","alt-svc":"h3=\":443\"; ma=2592000,h3-29=\":443\"; ma=2592000,h3-Q050=\":443\"; ma=2592000,h3-Q046=\":443\"; ma=2592000,h3-Q043=\":443\"; ma=2592000,quic=\":443\"; ma=2592000; v=\"46,43\"","accept-ranges":"none","transfer-encoding":"chunked"}
[info] i  functions: preparing functions directory for uploading... 
[debug] [2021-11-01T09:04:55.956Z] >>> HTTP REQUEST GET https://runtimeconfig.googleapis.com/v1beta1/projects/poap-qr-kiosk/configs  
 
[debug] [2021-11-01T09:04:56.156Z] <<< HTTP RESPONSE 200 {"content-type":"application/json; charset=UTF-8","vary":"X-Origin, Referer, Origin,Accept-Encoding","date":"Mon, 01 Nov 2021 09:04:56 GMT","server":"ESF","cache-control":"private","x-xss-protection":"0","x-frame-options":"SAMEORIGIN","x-content-type-options":"nosniff","alt-svc":"h3=\":443\"; ma=2592000,h3-29=\":443\"; ma=2592000,h3-Q050=\":443\"; ma=2592000,h3-Q046=\":443\"; ma=2592000,h3-Q043=\":443\"; ma=2592000,quic=\":443\"; ma=2592000; v=\"46,43\"","accept-ranges":"none","transfer-encoding":"chunked"}
[debug] [2021-11-01T09:04:56.157Z] >>> HTTP REQUEST GET https://runtimeconfig.googleapis.com/v1beta1/projects/poap-qr-kiosk/configs/api/variables  
 
[debug] [2021-11-01T09:04:56.397Z] <<< HTTP RESPONSE 200 {"content-type":"application/json; charset=UTF-8","vary":"X-Origin, Referer, Origin,Accept-Encoding","date":"Mon, 01 Nov 2021 09:04:56 GMT","server":"ESF","cache-control":"private","x-xss-protection":"0","x-frame-options":"SAMEORIGIN","x-content-type-options":"nosniff","alt-svc":"h3=\":443\"; ma=2592000,h3-29=\":443\"; ma=2592000,h3-Q050=\":443\"; ma=2592000,h3-Q046=\":443\"; ma=2592000,h3-Q043=\":443\"; ma=2592000,quic=\":443\"; ma=2592000; v=\"46,43\"","accept-ranges":"none","transfer-encoding":"chunked"}
[debug] [2021-11-01T09:04:56.398Z] >>> HTTP REQUEST GET https://runtimeconfig.googleapis.com/v1beta1/projects/poap-qr-kiosk/configs/api/variables/password  
 
[debug] [2021-11-01T09:04:56.592Z] <<< HTTP RESPONSE 200 {"content-type":"application/json; charset=UTF-8","vary":"X-Origin, Referer, Origin,Accept-Encoding","date":"Mon, 01 Nov 2021 09:04:56 GMT","server":"ESF","cache-control":"private","x-xss-protection":"0","x-frame-options":"SAMEORIGIN","x-content-type-options":"nosniff","alt-svc":"h3=\":443\"; ma=2592000,h3-29=\":443\"; ma=2592000,h3-Q050=\":443\"; ma=2592000,h3-Q046=\":443\"; ma=2592000,h3-Q043=\":443\"; ma=2592000,quic=\":443\"; ma=2592000; v=\"46,43\"","accept-ranges":"none","transfer-encoding":"chunked"}
[info] i  functions: packaged functions (28.9 KB) for uploading 
[debug] [2021-11-01T09:04:56.939Z] > [functions] package.json contents: {
  "name": "functions",
  "description": "Cloud Functions for Firebase",
  "scripts": {
    "serve": "firebase emulators:start --only functions",
    "shell": "firebase functions:shell",
    "start": "npm run shell",
    "deploy": "firebase deploy --only functions",
    "logs": "firebase functions:log"
  },
  "engines": {
    "node": "14"
  },
  "main": "index.js",
  "dependencies": {
    "cors": "^2.8.5",
    "express": "^4.17.1",
    "firebase-admin": "^10.0.0",
    "firebase-functions": "^3.11.0",
    "isomorphic-fetch": "^3.0.0",
    "promise-parallel-throttle": "^3.3.0"
  },
  "devDependencies": {
    "firebase-functions-test": "^0.2.0"
  },
  "private": true
}
[debug] [2021-11-01T09:04:56.940Z] >>> HTTP REQUEST GET https://cloudfunctions.googleapis.com/v1/projects/poap-qr-kiosk/locations/-/functions  
 
[debug] [2021-11-01T09:04:57.460Z] <<< HTTP RESPONSE 200 {"content-type":"application/json; charset=UTF-8","vary":"X-Origin, Referer, Origin,Accept-Encoding","date":"Mon, 01 Nov 2021 09:04:57 GMT","server":"ESF","cache-control":"private","x-xss-protection":"0","x-frame-options":"SAMEORIGIN","x-content-type-options":"nosniff","alt-svc":"h3=\":443\"; ma=2592000,h3-29=\":443\"; ma=2592000,h3-Q050=\":443\"; ma=2592000,h3-Q046=\":443\"; ma=2592000,h3-Q043=\":443\"; ma=2592000,quic=\":443\"; ma=2592000; v=\"46,43\"","accept-ranges":"none","transfer-encoding":"chunked"}
[debug] [2021-11-01T09:04:57.462Z] >>> HTTP REQUEST POST https://cloudfunctions.googleapis.com/v1/projects/poap-qr-kiosk/locations/us-central1/functions:generateUploadUrl  
 
[debug] [2021-11-01T09:04:58.083Z] <<< HTTP RESPONSE 200 {"content-type":"application/json; charset=UTF-8","vary":"X-Origin, Referer, Origin,Accept-Encoding","date":"Mon, 01 Nov 2021 09:04:58 GMT","server":"ESF","cache-control":"private","x-xss-protection":"0","x-frame-options":"SAMEORIGIN","x-content-type-options":"nosniff","alt-svc":"h3=\":443\"; ma=2592000,h3-29=\":443\"; ma=2592000,h3-Q050=\":443\"; ma=2592000,h3-Q046=\":443\"; ma=2592000,h3-Q043=\":443\"; ma=2592000,quic=\":443\"; ma=2592000; v=\"46,43\"","accept-ranges":"none","transfer-encoding":"chunked"}
[debug] [2021-11-01T09:04:58.084Z] >>> HTTP REQUEST PUT https://storage.googleapis.com/gcf-upload-us-central1-886d6a62-a32c-4d24-b875-923f9e0e2c02/06d49c6c-910a-4322-84f5-6f672397e41c.zip?GoogleAccessId=service-877911622820@gcf-admin-robot.iam.gserviceaccount.com&Expires=1635759298&Signature=X7oqZe%2Fea9w1UeUZ%2Fwj0cVkFan5xIPLc%2Bvp7YSlWp%2BP3ixzXJPnva6LKzrWHmumSZmk%2F3g1Ryf8d3GwG34husUtxk4mivoDSoQShk9Po8LHXv%2FD%2Fd8NYsrl1hZpx5kjXBzIdjFJqk3LycV92xRW%2F2qL9bt9AIGKn3g6MKu%2FPqdKfRjmQdoHHWOwpTEQnKFw0BaqBZlfjHbO8ErCEvZMg2dyn6KoiOG4TSFvb6GZb%2BYkKzsHSwMKjgvRpZdJdTfqixxMjjSMo66ZRXsO9wyT29bnZapP1qciT99pNr5qnrEmbbrb4%2FA26ZACVqFC2rLpuM%2Fnuv971f4MrCK9TeUQ%2Bug%3D%3D  
 <request body omitted>
[debug] [2021-11-01T09:04:58.669Z] <<< HTTP RESPONSE 200 {"x-guploader-uploadid":"ADPycdvk1GB_toFnKXqRnddtsgHgouCPQldAeGeSgu0D29yO_MB6Aw1I7jCV_xDO4ReO2LmuoxVhfWqtAv4y9yNv1N4","etag":"\"5abcbd671155b1c62db8a9129e22479a\"","x-goog-generation":"1635757498434896","x-goog-metageneration":"1","x-goog-hash":"crc32c=z/Mi2w==, md5=Wry9ZxFVscYtuKkSniJHmg==","x-goog-stored-content-length":"29589","x-goog-stored-content-encoding":"identity","vary":"Origin","content-length":"0","date":"Mon, 01 Nov 2021 09:04:58 GMT","server":"UploadServer","content-type":"text/html; charset=UTF-8","alt-svc":"h3=\":443\"; ma=2592000,h3-29=\":443\"; ma=2592000,h3-Q050=\":443\"; ma=2592000,h3-Q046=\":443\"; ma=2592000,h3-Q043=\":443\"; ma=2592000,quic=\":443\"; ma=2592000; v=\"46,43\""}
[info] ✔  functions: functions folder uploaded successfully 
[info] 
The following functions are found in your project but do not exist in your local source code:
	verifyCodeStatus(us-central1)

If you are renaming a function or changing its region, it is recommended that you create the new function first before deleting the old one to prevent event loss. For more info, visit https://firebase.google.com/docs/functions/manage-functions#modify

